Android_QuizBuilder/app/build/intermediates/manifest_merge_blame_file/debug/manifest-merger-blame-debug-report.txt
1<?xml version="1.0" encoding="utf-8"?>
2<manifest xmlns:android="http://schemas.android.com/apk/res/android"
3    package="com.example.a3_picselect"
4    android:versionCode="1"
5    android:versionName="1.0" >
6
7    <uses-sdk
8        android:minSdkVersion="24"
8-->src/main/AndroidManifest.xml
9        android:targetSdkVersion="31" />
9-->src/main/AndroidManifest.xml
10
11    <application
11-->src/main/AndroidManifest.xml:6:5-36:19
12        android:allowBackup="true"
12-->src/main/AndroidManifest.xml:7:9-35
13        android:appComponentFactory="androidx.core.app.CoreComponentFactory"
13-->[androidx.core:core:1.5.0] AndroidManifest.xml:24:18-86
14        android:debuggable="true"
15        android:extractNativeLibs="false"
16        android:icon="@mipmap/ic_launcher"
16-->src/main/AndroidManifest.xml:8:9-43
17        android:label="@string/app_name"
17-->src/main/AndroidManifest.xml:9:9-41
18        android:roundIcon="@mipmap/ic_launcher_custom_round"
18-->src/main/AndroidManifest.xml:10:9-61
19        android:supportsRtl="true"
19-->src/main/AndroidManifest.xml:11:9-35
20        android:testOnly="true"
21        android:theme="@style/Theme.A3_PicSelect" >
21-->src/main/AndroidManifest.xml:12:9-50
22        <activity
22-->src/main/AndroidManifest.xml:13:9-21:20
23            android:name="com.example.a3_picselect.DBActivity"
23-->src/main/AndroidManifest.xml:14:13-39
24            android:exported="false"
24-->src/main/AndroidManifest.xml:15:13-37
25            android:screenOrientation="portrait" >
25-->src/main/AndroidManifest.xml:16:13-49
26            <intent-filter>
26-->src/main/AndroidManifest.xml:17:13-20:29
27                <action android:name="DBActivity" />
27-->src/main/AndroidManifest.xml:18:17-52
27-->src/main/AndroidManifest.xml:18:25-50
28
29                <category android:name="android.intent.category.DEFAULT" />
29-->src/main/AndroidManifest.xml:19:17-75
29-->src/main/AndroidManifest.xml:19:27-73
30            </intent-filter>
31        </activity>
32        <activity
32-->src/main/AndroidManifest.xml:24:9-35:20
33            android:name="com.example.a3_picselect.ItemDetailHostActivity"
33-->src/main/AndroidManifest.xml:25:13-51
34            android:exported="true"
34-->src/main/AndroidManifest.xml:26:13-36
35            android:label="@string/app_name"
35-->src/main/AndroidManifest.xml:27:13-45
36            android:resizeableActivity="true" >
36-->src/main/AndroidManifest.xml:28:13-46
37            <intent-filter>
37-->src/main/AndroidManifest.xml:30:13-34:29
38                <action android:name="android.intent.action.MAIN" />
38-->src/main/AndroidManifest.xml:31:17-69
38-->src/main/AndroidManifest.xml:31:25-66
39
40                <category android:name="android.intent.category.LAUNCHER" />
40-->src/main/AndroidManifest.xml:33:17-77
40-->src/main/AndroidManifest.xml:33:27-74
41            </intent-filter>
42        </activity>
43    </application>
44
45</manifest>